14:02:44 BattlEye Server: Initialized (v1.170)
14:02:45 Host identity created.
14:02:46 BattlEye Server: RCon admin #0 (127.0.0.1:57946) logged in
14:03:57 BattlEye Server: Initialized (v1.170)
14:03:57 Host identity created.
14:04:06 BattlEye Server: RCon admin #0 (127.0.0.1:60235) logged in
14:06:13 Nipple Breath uses modified data file
14:06:13 BattlEye Server: Player #0 Nipple Breath (192.168.1.10:2316) connected
14:06:13 Player Nipple Breath connecting.
14:06:13 Mission DayZ Chernarus read from directory.
14:06:18 Player Nipple Breath connected (id=9836294).
14:06:19 BattlEye Server: Player #0 Nipple Breath - GUID: 2c4c7c5a9230c9caa22eedeed1e70bb4 (unverified)
14:06:19 Player Nipple Breath disconnected.
14:06:19 BattlEye Server: Player #0 Nipple Breath disconnected
14:06:19 All users disconnected, waiting for users.
14:06:19 BattlEye Server: RCon admin #0: (Global) Welcome back, Nipple Breath!
14:06:19 BattlEye Server: Verified GUID (2c4c7c5a9230c9caa22eedeed1e70bb4) of player #0 Nipple Breath
14:07:41 BattlEye Server: Initialized (v1.170)
14:07:41 Host identity created.
14:07:47 BattlEye Server: RCon admin #0 (127.0.0.1:61404) logged in
14:18:11 BattlEye Server: Initialized (v1.170)
14:18:11 Host identity created.
14:18:19 BattlEye Server: RCon admin #0 (127.0.0.1:49556) logged in
14:23:05 BattlEye Server: Initialized (v1.170)
14:23:05 Host identity created.
14:23:20 BattlEye Server: RCon admin #0 (127.0.0.1:60302) logged in
14:24:45 Nipple Breath uses modified data file
14:24:45 BattlEye Server: Player #0 Nipple Breath (192.168.1.10:2316) connected
14:24:45 Player Nipple Breath connecting.
14:24:46 Mission DayZ read from directory.
14:24:49 Player Nipple Breath connected (id=9836294).
14:24:51 BattlEye Server: Player #0 Nipple Breath - GUID: 2c4c7c5a9230c9caa22eedeed1e70bb4 (unverified)
14:24:51 BattlEye Server: Verified GUID (2c4c7c5a9230c9caa22eedeed1e70bb4) of player #0 Nipple Breath
14:24:51 Player Nipple Breath disconnected.
14:24:51 BattlEye Server: Player #0 Nipple Breath disconnected
14:24:51 All users disconnected, waiting for users.
14:24:51 BattlEye Server: RCon admin #0: (Global) Welcome back, Nipple Breath!
14:24:57 BattlEye Server: Failed to receive from BE Master (8)
14:24:58 BattlEye Server: Update attempt failed
14:26:02 BattlEye Server: Initialized (v1.170)
14:26:02 Host identity created.
14:26:21 BattlEye Server: RCon admin #0 (127.0.0.1:50756) logged in
14:27:42 Nipple Breath uses modified data file
14:27:42 BattlEye Server: Player #0 Nipple Breath (192.168.1.10:2316) connected
14:27:42 Player Nipple Breath connecting.
14:27:42 Mission DayZ read from directory.
14:27:46 Player Nipple Breath connected (id=9836294).
14:27:47 BattlEye Server: Player #0 Nipple Breath - GUID: 2c4c7c5a9230c9caa22eedeed1e70bb4 (unverified)
14:27:47 BattlEye Server: Verified GUID (2c4c7c5a9230c9caa22eedeed1e70bb4) of player #0 Nipple Breath
14:27:47 BattlEye Server: RCon admin #0: (Global) Welcome back, Nipple Breath!
14:27:47 Player Nipple Breath disconnected.
14:27:47 BattlEye Server: Player #0 Nipple Breath disconnected
14:27:47 All users disconnected, waiting for users.
14:30:30 BattlEye Server: Initialized (v1.170)
14:30:30 Host identity created.
14:30:32 BattlEye Server: RCon admin #0 (127.0.0.1:64743) logged in
14:30:36 Nipple Breath uses modified data file
14:30:36 BattlEye Server: Player #0 Nipple Breath (192.168.1.10:2316) connected
14:30:36 Player Nipple Breath connecting.
14:30:37 Mission DayZ read from directory.
14:30:38 Player Nipple Breath connected (id=9836294).
14:30:39 BattlEye Server: Player #0 Nipple Breath - GUID: 2c4c7c5a9230c9caa22eedeed1e70bb4 (unverified)
14:30:39 Player Nipple Breath disconnected.
14:30:39 BattlEye Server: Player #0 Nipple Breath disconnected
14:30:39 All users disconnected, waiting for users.
14:30:39 BattlEye Server: RCon admin #0: (Global) Welcome back, Nipple Breath!
14:30:59 BattlEye Server: Update successfully completed. Restarting...
14:30:59 BattlEye Server: Initialized (v1.173)
14:31:37 BattlEye Server: RCon admin #0 (127.0.0.1:57816) logged in
14:36:15 BattlEye Server: Initialized (v1.173)
14:36:15 Host identity created.
14:36:29 Nipple Breath uses modified data file
14:36:29 BattlEye Server: Player #0 Nipple Breath (192.168.1.10:2316) connected
14:36:29 Player Nipple Breath connecting.
14:36:30 Mission DayZ read from directory.
14:36:31 Player Nipple Breath connected (id=9836294).
14:36:32 BattlEye Server: Player #0 Nipple Breath - GUID: 2c4c7c5a9230c9caa22eedeed1e70bb4 (unverified)
14:36:32 Player Nipple Breath disconnected.
14:36:32 BattlEye Server: Player #0 Nipple Breath disconnected
14:36:32 All users disconnected, waiting for users.
14:36:33 BattlEye Server: RCon admin #0 (127.0.0.1:58223) logged in
14:39:21 BattlEye Server: Initialized (v1.173)
14:39:21 Host identity created.
14:39:23 BattlEye Server: RCon admin #0 (127.0.0.1:60497) logged in
14:41:05 Nipple Breath uses modified data file
14:41:05 BattlEye Server: Player #0 Nipple Breath (192.168.1.10:2316) connected
14:41:05 Player Nipple Breath connecting.
14:41:06 Mission DayZ read from directory.
14:41:09 Player Nipple Breath connected (id=9836294).
14:41:11 BattlEye Server: Player #0 Nipple Breath - GUID: 2c4c7c5a9230c9caa22eedeed1e70bb4 (unverified)
14:41:11 BattlEye Server: RCon admin #0: (Global) Welcome back, Nipple Breath!
14:41:11 BattlEye Server: Verified GUID (2c4c7c5a9230c9caa22eedeed1e70bb4) of player #0 Nipple Breath
14:41:11 Player Nipple Breath kicked off by BattlEye: Global Ban #2c4c7c
14:41:11 Player Nipple Breath disconnected.
14:41:11 All users disconnected, waiting for users.
14:42:20 BattlEye Server: Initialized (v1.173)
14:42:20 Host identity created.
14:42:24 BattlEye Server: RCon admin #0 (127.0.0.1:51591) logged in
14:44:21 Nipple Breath uses modified data file
14:44:21 BattlEye Server: Player #0 Nipple Breath (192.168.1.10:2316) connected
14:44:21 Player Nipple Breath connecting.
14:44:22 Mission DayZ read from directory.
14:44:27 Player Nipple Breath connected (id=121875654).
14:44:29 BattlEye Server: Player #0 Nipple Breath - GUID: 0c8803f978e6a633d34e186f323d3307 (unverified)
14:44:29 BattlEye Server: RCon admin #0: (Global) Welcome back, Nipple Breath!
14:44:29 BattlEye Server: Verified GUID (0c8803f978e6a633d34e186f323d3307) of player #0 Nipple Breath
14:44:31 Roles assigned.
14:44:32 Reading mission ...
14:46:09 Mission read.
14:46:50 BattlEye Server: RCon admin #0 (127.0.0.1:53551) logged in
14:47:26 Stunner uses modified data file
14:47:26 BattlEye Server: Player #1 Stunner (70.15.42.135:2316) connected
14:47:26 Player Stunner connecting.
14:47:27 Player Stunner connected (id=67325382).
14:47:28 BattlEye Server: Player #1 Stunner - GUID: ff077b07c3d9f2e8219dbdd17be7441e (unverified)
14:47:29 BattlEye Server: RCon admin #0: (Global) Welcome back, Stunner!
14:47:29 BattlEye Server: Verified GUID (ff077b07c3d9f2e8219dbdd17be7441e) of player #1 Stunner
14:47:40 Player Stunner kicked off by BattlEye: Corrupted Data #5
14:47:40 Player Stunner disconnected.
14:48:02 Stunner uses modified data file
14:48:02 BattlEye Server: Player #1 Stunner (70.15.42.135:2304) connected
14:48:02 Player Stunner connecting.
14:48:03 Player Stunner connected (id=67325382).
14:48:04 BattlEye Server: Player #1 Stunner - GUID: ff077b07c3d9f2e8219dbdd17be7441e (unverified)
14:48:04 BattlEye Server: RCon admin #0: (Global) Welcome back, Stunner!
14:48:04 BattlEye Server: Verified GUID (ff077b07c3d9f2e8219dbdd17be7441e) of player #1 Stunner
14:48:06 Player Nipple Breath kicked off by BattlEye: Script Restriction #114
14:48:06 Player Nipple Breath disconnected.
14:48:47 Nipple Breath uses modified data file
14:48:47 BattlEye Server: Player #0 Nipple Breath (192.168.1.10:2316) connected
14:48:47 Player Nipple Breath connecting.
14:48:48 Player Nipple Breath connected (id=121875654).
14:48:49 BattlEye Server: Player #0 Nipple Breath - GUID: 0c8803f978e6a633d34e186f323d3307 (unverified)
14:48:49 BattlEye Server: RCon admin #0: (Global) Welcome back, Nipple Breath!
14:48:49 BattlEye Server: Verified GUID (0c8803f978e6a633d34e186f323d3307) of player #0 Nipple Breath
14:48:56 Player Nipple Breath kicked off by BattlEye: Script Restriction #126
14:48:56 Player Nipple Breath disconnected.
14:49:09 Player Stunner kicked off by BattlEye: Script Restriction #114
14:49:09 Player Stunner disconnected.
14:49:09 All users disconnected, waiting for users.
14:49:38 Stunner uses modified data file
14:49:38 BattlEye Server: Player #0 Stunner (70.15.42.135:2304) connected
14:49:38 Player Stunner connecting.
14:49:39 Mission DayZ read from directory.
14:49:41 Player Stunner connected (id=67325382).
14:49:42 BattlEye Server: Player #0 Stunner - GUID: ff077b07c3d9f2e8219dbdd17be7441e (unverified)
14:49:42 BattlEye Server: RCon admin #0: (Global) Welcome back, Stunner!
14:49:42 BattlEye Server: Verified GUID (ff077b07c3d9f2e8219dbdd17be7441e) of player #0 Stunner
14:50:24 BattlEye Server: Initialized (v1.173)
14:50:24 Host identity created.
14:50:25 BattlEye Server: RCon admin #0 (127.0.0.1:56896) logged in
14:50:48 Nipple Breath uses modified data file
14:50:48 BattlEye Server: Player #0 Nipple Breath (192.168.1.10:2316) connected
14:50:48 Player Nipple Breath connecting.
14:50:48 Mission DayZ read from directory.
14:50:50 Player Nipple Breath connected (id=121875654).
14:50:51 BattlEye Server: Player #0 Nipple Breath - GUID: 0c8803f978e6a633d34e186f323d3307 (unverified)
14:50:51 BattlEye Server: RCon admin #0: (Global) Welcome back, Nipple Breath!
14:50:51 BattlEye Server: Verified GUID (0c8803f978e6a633d34e186f323d3307) of player #0 Nipple Breath
14:50:55 Roles assigned.
14:50:55 Reading mission ...
14:51:38 Mission read.
14:52:25 Game started.
14:52:31 Stunner uses modified data file
14:52:32 BattlEye Server: Player #1 Stunner (70.15.42.135:2304) connected
14:52:32 Player Stunner connecting.
14:52:33 Player Stunner connected (id=67325382).
14:52:33 BattlEye Server: Player #1 Stunner - GUID: ff077b07c3d9f2e8219dbdd17be7441e (unverified)
14:52:33 BattlEye Server: RCon admin #0: (Global) Welcome back, Stunner!
14:52:33 BattlEye Server: Verified GUID (ff077b07c3d9f2e8219dbdd17be7441e) of player #1 Stunner
14:53:17 BattlEye Server: (Side) Stunner: HOLY SHIT
14:54:15 BattlEye Server: (Side) Stunner: my work here is done
14:54:28 BattlEye Server: (Side) Stunner: ok
14:54:41 BattlEye Server: (Side) Stunner: im in kamenka hold on
14:55:12 BattlEye Server: (Side) Stunner: no zeds yet u
14:55:41 BattlEye Server: (Side) Stunner: thats easy it works thoughw
14:55:57 BattlEye Server: (Side) Stunner: colt 
14:56:23 BattlEye Server: (Side) Stunner: loot works
14:56:42 BattlEye Server: (Side) Stunner: may i leave now?
14:57:13 BattlEye Server: (Side) Stunner: woop woop woop woop
14:57:45 Player Stunner disconnected.
14:57:45 BattlEye Server: Player #1 Stunner disconnected
15:01:57 BattlEye Server: RCon admin #1 (127.0.0.1:58932) logged in
15:01:59 BattlEye Server: RCon admin #2 (127.0.0.1:58933) logged in
15:05:21 BattlEye Server: RCon admin #1 (127.0.0.1:58807) logged in
15:09:21 Player Nipple Breath disconnected.
15:09:21 BattlEye Server: Player #0 Nipple Breath disconnected
15:24:31 BattlEye Server: Initialized (v1.173)
15:24:31 Host identity created.
15:24:32 BattlEye Server: RCon admin #0 (127.0.0.1:52578) logged in
15:26:17 Nipple Breath uses modified data file
15:26:17 BattlEye Server: Player #0 Nipple Breath (192.168.1.10:2316) connected
15:26:17 Player Nipple Breath connecting.
15:26:18 Mission DayZ read from directory.
15:26:21 Player Nipple Breath connected (id=121875654).
15:26:21 BattlEye Server: Player #0 Nipple Breath - GUID: 0c8803f978e6a633d34e186f323d3307 (unverified)
15:26:21 BattlEye Server: Verified GUID (0c8803f978e6a633d34e186f323d3307) of player #0 Nipple Breath
15:26:21 BattlEye Server: RCon admin #0: (Global) Welcome back, Nipple Breath!
15:26:24 Roles assigned.
15:26:24 Reading mission ...
15:27:36 Mission read.
15:28:19 BattlEye Server: RCon admin #0 (127.0.0.1:54683) logged in
15:29:42 Game started.
15:31:29 BattlEye Server: RCon admin #0 (127.0.0.1:61449) logged in
15:34:23 Player Nipple Breath disconnected.
15:34:23 BattlEye Server: Player #0 Nipple Breath disconnected
15:37:10 BattlEye Server: Initialized (v1.173)
15:37:10 Host identity created.
15:37:25 BattlEye Server: RCon admin #0 (127.0.0.1:64496) logged in
15:38:43 Nipple Breath uses modified data file
15:38:43 BattlEye Server: Player #0 Nipple Breath (192.168.1.10:2316) connected
15:38:43 Player Nipple Breath connecting.
15:38:44 Mission DayZ read from directory.
15:38:47 Player Nipple Breath connected (id=121875654).
15:38:47 BattlEye Server: Player #0 Nipple Breath - GUID: 0c8803f978e6a633d34e186f323d3307 (unverified)
15:38:47 BattlEye Server: Verified GUID (0c8803f978e6a633d34e186f323d3307) of player #0 Nipple Breath
15:38:47 BattlEye Server: RCon admin #0: (Global) Welcome back, Nipple Breath!
15:38:51 Player Nipple Breath disconnected.
15:38:51 BattlEye Server: Player #0 Nipple Breath disconnected
15:38:51 All users disconnected, waiting for users.
16:00:10 BattlEye Server: Initialized (v1.173)
16:00:10 Host identity created.
